0 verbose cli /Users/joyyang/.nvm/versions/node/v20.18.0/bin/node /Users/joyyang/.nvm/versions/node/v20.18.0/bin/npm
1 info using npm@11.5.1
2 info using node@v20.18.0
3 silly config load:file:/Users/joyyang/.nvm/versions/node/v20.18.0/lib/node_modules/npm/npmrc
4 silly config load:file:/Users/joyyang/Projects/socrates/mundito-nuestro/.npmrc
5 silly config load:file:/Users/joyyang/.npmrc
6 silly config load:file:/Users/joyyang/.nvm/versions/node/v20.18.0/etc/npmrc
7 verbose title npm install world-countries
8 verbose argv "install" "world-countries"
9 verbose logfile logs-max:10 dir:/Users/joyyang/Projects/socrates/mundito-nuestro/.npm-cache/_logs/2025-11-20T03_06_51_144Z-
10 verbose logfile /Users/joyyang/Projects/socrates/mundito-nuestro/.npm-cache/_logs/2025-11-20T03_06_51_144Z-debug-0.log
11 silly logfile done cleaning log files
12 silly packumentCache heap:4345298944 maxSize:1086324736 maxEntrySize:543162368
13 silly idealTree buildDeps
14 silly fetch manifest world-countries@^4.0.0
15 silly packumentCache full:https://registry.npmjs.org/world-countries cache-miss
16 http fetch GET 200 https://registry.npmjs.org/world-countries 201ms (cache miss)
17 silly packumentCache full:https://registry.npmjs.org/world-countries set size:undefined disposed:false
18 silly placeDep ROOT world-countries@4.1.1 OK for: mundito-nuestro@1.0.0 want: ^4.0.0
19 silly reify moves {}
20 silly audit bulk request {
20 silly audit   '@alloc/quick-lru': [ '5.2.0' ],
20 silly audit   '@babel/runtime': [ '7.28.4' ],
20 silly audit   '@dimforge/rapier3d-compat': [ '0.12.0' ],
20 silly audit   '@emnapi/core': [ '1.7.1' ],
20 silly audit   '@emnapi/runtime': [ '1.7.1' ],
20 silly audit   '@emnapi/wasi-threads': [ '1.1.0' ],
20 silly audit   '@eslint-community/eslint-utils': [ '4.9.0' ],
20 silly audit   '@eslint-community/regexpp': [ '4.12.2' ],
20 silly audit   '@eslint/eslintrc': [ '2.1.4' ],
20 silly audit   '@eslint/js': [ '8.57.1' ],
20 silly audit   '@humanwhocodes/config-array': [ '0.13.0' ],
20 silly audit   '@humanwhocodes/module-importer': [ '1.0.1' ],
20 silly audit   '@humanwhocodes/object-schema': [ '2.0.3' ],
20 silly audit   '@isaacs/cliui': [ '8.0.2' ],
20 silly audit   'ansi-regex': [ '6.2.2', '5.0.1' ],
20 silly audit   'strip-ansi': [ '7.1.2', '6.0.1' ],
20 silly audit   '@jridgewell/gen-mapping': [ '0.3.13' ],
20 silly audit   '@jridgewell/resolve-uri': [ '3.1.2' ],
20 silly audit   '@jridgewell/sourcemap-codec': [ '1.5.5' ],
20 silly audit   '@jridgewell/trace-mapping': [ '0.3.31' ],
20 silly audit   '@mediapipe/tasks-vision': [ '0.10.17' ],
20 silly audit   '@monogrid/gainmap-js': [ '3.2.0' ],
20 silly audit   '@napi-rs/wasm-runtime': [ '0.2.12' ],
20 silly audit   '@next/env': [ '14.2.5' ],
20 silly audit   '@next/eslint-plugin-next': [ '14.2.5' ],
20 silly audit   '@next/swc-darwin-arm64': [ '14.2.5' ],
20 silly audit   '@next/swc-darwin-x64': [ '14.2.5' ],
20 silly audit   '@next/swc-linux-arm64-gnu': [ '14.2.5' ],
20 silly audit   '@next/swc-linux-arm64-musl': [ '14.2.5' ],
20 silly audit   '@next/swc-linux-x64-gnu': [ '14.2.5' ],
20 silly audit   '@next/swc-linux-x64-musl': [ '14.2.5' ],
20 silly audit   '@next/swc-win32-arm64-msvc': [ '14.2.5' ],
20 silly audit   '@next/swc-win32-ia32-msvc': [ '14.2.5' ],
20 silly audit   '@next/swc-win32-x64-msvc': [ '14.2.5' ],
20 silly audit   '@nodelib/fs.scandir': [ '2.1.5' ],
20 silly audit   '@nodelib/fs.stat': [ '2.0.5' ],
20 silly audit   '@nodelib/fs.walk': [ '1.2.8' ],
20 silly audit   '@nolyfill/is-core-module': [ '1.0.39' ],
20 silly audit   '@pkgjs/parseargs': [ '0.11.0' ],
20 silly audit   '@react-leaflet/core': [ '2.1.0' ],
20 silly audit   '@react-spring/animated': [ '9.7.5' ],
20 silly audit   '@react-spring/core': [ '9.7.5' ],
20 silly audit   '@react-spring/rafz': [ '9.7.5' ],
20 silly audit   '@react-spring/shared': [ '9.7.5' ],
20 silly audit   '@react-spring/three': [ '9.7.5' ],
20 silly audit   '@react-spring/types': [ '9.7.5' ],
20 silly audit   '@react-three/drei': [ '9.122.0' ],
20 silly audit   zustand: [ '5.0.8', '3.7.2', '4.5.7' ],
20 silly audit   '@react-three/fiber': [ '8.18.0' ],
20 silly audit   '@rtsao/scc': [ '1.1.0' ],
20 silly audit   '@rushstack/eslint-patch': [ '1.15.0' ],
20 silly audit   '@supabase/auth-js': [ '2.83.0' ],
20 silly audit   '@supabase/functions-js': [ '2.83.0' ],
20 silly audit   '@supabase/postgrest-js': [ '2.83.0' ],
20 silly audit   '@supabase/realtime-js': [ '2.83.0' ],
20 silly audit   '@supabase/storage-js': [ '2.83.0' ],
20 silly audit   '@supabase/supabase-js': [ '2.83.0' ],
20 silly audit   '@swc/counter': [ '0.1.3' ],
20 silly audit   '@swc/helpers': [ '0.5.5' ],
20 silly audit   '@tweenjs/tween.js': [ '23.1.3' ],
20 silly audit   '@tybys/wasm-util': [ '0.10.1' ],
20 silly audit   '@types/draco3d': [ '1.4.10' ],
20 silly audit   '@types/geojson': [ '7946.0.16' ],
20 silly audit   '@types/json5': [ '0.0.29' ],
20 silly audit   '@types/leaflet': [ '1.9.21' ],
20 silly audit   '@types/node': [ '20.19.25' ],
20 silly audit   '@types/offscreencanvas': [ '2019.7.3' ],
20 silly audit   '@types/phoenix': [ '1.6.6' ],
20 silly audit   '@types/prop-types': [ '15.7.15' ],
20 silly audit   '@types/react': [ '18.3.27' ],
20 silly audit   '@types/react-dom': [ '18.3.7' ],
20 silly audit   '@types/react-reconciler': [ '0.26.7', '0.28.9' ],
20 silly audit   '@types/stats.js': [ '0.17.4' ],
20 silly audit   '@types/three': [ '0.181.0' ],
20 silly audit   '@types/webxr': [ '0.5.24' ],
20 silly audit   '@types/ws': [ '8.18.1' ],
20 silly audit   '@typescript-eslint/parser': [ '7.2.0' ],
20 silly audit   '@typescript-eslint/scope-manager': [ '7.2.0' ],
20 silly audit   '@typescript-eslint/types': [ '7.2.0' ],
20 silly audit   '@typescript-eslint/typescript-estree': [ '7.2.0' ],
20 silly audit   'brace-expansion': [ '2.0.2', '1.1.12' ],
20 silly audit   minimatch: [ '9.0.3', '9.0.5', '3.1.2' ],
20 silly audit   '@typescript-eslint/visitor-keys': [ '7.2.0' ],
20 silly audit   '@ungap/structured-clone': [ '1.3.0' ],
20 silly audit   '@unrs/resolver-binding-android-arm-eabi': [ '1.11.1' ],
20 silly audit   '@unrs/resolver-binding-android-arm64': [ '1.11.1' ],
20 silly audit   '@unrs/resolver-binding-darwin-arm64': [ '1.11.1' ],
20 silly audit   '@unrs/resolver-binding-darwin-x64': [ '1.11.1' ],
20 silly audit   '@unrs/resolver-binding-freebsd-x64': [ '1.11.1' ],
20 silly audit   '@unrs/resolver-binding-linux-arm-gnueabihf': [ '1.11.1' ],
20 silly audit   '@unrs/resolver-binding-linux-arm-musleabihf': [ '1.11.1' ],
20 silly audit   '@unrs/resolver-binding-linux-arm64-gnu': [ '1.11.1' ],
20 silly audit   '@unrs/resolver-binding-linux-arm64-musl': [ '1.11.1' ],
20 silly audit   '@unrs/resolver-binding-linux-ppc64-gnu': [ '1.11.1' ],
20 silly audit   '@unrs/resolver-binding-linux-riscv64-gnu': [ '1.11.1' ],
20 silly audit   '@unrs/resolver-binding-linux-riscv64-musl': [ '1.11.1' ],
20 silly audit   '@unrs/resolver-binding-linux-s390x-gnu': [ '1.11.1' ],
20 silly audit   '@unrs/resolver-binding-linux-x64-gnu': [ '1.11.1' ],
20 silly audit   '@unrs/resolver-binding-linux-x64-musl': [ '1.11.1' ],
20 silly audit   '@unrs/resolver-binding-wasm32-wasi': [ '1.11.1' ],
20 silly audit   '@unrs/resolver-binding-win32-arm64-msvc': [ '1.11.1' ],
20 silly audit   '@unrs/resolver-binding-win32-ia32-msvc': [ '1.11.1' ],
20 silly audit   '@unrs/resolver-binding-win32-x64-msvc': [ '1.11.1' ],
20 silly audit   '@use-gesture/core': [ '10.3.1' ],
20 silly audit   '@use-gesture/react': [ '10.3.1' ],
20 silly audit   '@webgpu/types': [ '0.1.66' ],
20 silly audit   acorn: [ '8.15.0' ],
20 silly audit   'acorn-jsx': [ '5.3.2' ],
20 silly audit   ajv: [ '6.12.6' ],
20 silly audit   'ansi-styles': [ '4.3.0', '6.2.3' ],
20 silly audit   'any-promise': [ '1.3.0' ],
20 silly audit   anymatch: [ '3.1.3' ],
20 silly audit   arg: [ '5.0.2' ],
20 silly audit   argparse: [ '2.0.1' ],
20 silly audit   'aria-query': [ '5.3.2' ],
20 silly audit   'array-buffer-byte-length': [ '1.0.2' ],
20 silly audit   'array-includes': [ '3.1.9' ],
20 silly audit   'array-union': [ '2.1.0' ],
20 silly audit   'array.prototype.findlast': [ '1.2.5' ],
20 silly audit   'array.prototype.findlastindex': [ '1.2.6' ],
20 silly audit   'array.prototype.flat': [ '1.3.3' ],
20 silly audit   'array.prototype.flatmap': [ '1.3.3' ],
20 silly audit   'array.prototype.tosorted': [ '1.1.4' ],
20 silly audit   'arraybuffer.prototype.slice': [ '1.0.4' ],
20 silly audit   'ast-types-flow': [ '0.0.8' ],
20 silly audit   'async-function': [ '1.0.0' ],
20 silly audit   autoprefixer: [ '10.4.22' ],
20 silly audit   'available-typed-arrays': [ '1.0.7' ],
20 silly audit   'axe-core': [ '4.11.0' ],
20 silly audit   'axobject-query': [ '4.1.0' ],
20 silly audit   'balanced-match': [ '1.0.2' ],
20 silly audit   'base64-js': [ '1.5.1' ],
20 silly audit   'baseline-browser-mapping': [ '2.8.29' ],
20 silly audit   'bidi-js': [ '1.0.3' ],
20 silly audit   'binary-extensions': [ '2.3.0' ],
20 silly audit   braces: [ '3.0.3' ],
20 silly audit   browserslist: [ '4.28.0' ],
20 silly audit   buffer: [ '6.0.3' ],
20 silly audit   busboy: [ '1.6.0' ],
20 silly audit   'call-bind': [ '1.0.8' ],
20 silly audit   'call-bind-apply-helpers': [ '1.0.2' ],
20 silly audit   'call-bound': [ '1.0.4' ],
20 silly audit   callsites: [ '3.1.0' ],
20 silly audit   'camelcase-css': [ '2.0.1' ],
20 silly audit   'camera-controls': [ '2.10.1' ],
20 silly audit   'caniuse-lite': [ '1.0.30001756' ],
20 silly audit   chalk: [ '4.1.2' ],
20 silly audit   chokidar: [ '3.6.0' ],
20 silly audit   'glob-parent': [ '5.1.2', '6.0.2' ],
20 silly audit   classnames: [ '2.5.1' ],
20 silly audit   'client-only': [ '0.0.1' ],
20 silly audit   'color-convert': [ '2.0.1' ],
20 silly audit   'color-name': [ '1.1.4' ],
20 silly audit   commander: [ '4.1.1' ],
20 silly audit   'concat-map': [ '0.0.1' ],
20 silly audit   'cross-env': [ '7.0.3' ],
20 silly audit   'cross-spawn': [ '7.0.6' ],
20 silly audit   cssesc: [ '3.0.0' ],
20 silly audit   csstype: [ '3.2.3' ],
20 silly audit   'damerau-levenshtein': [ '1.0.8' ],
20 silly audit   'data-view-buffer': [ '1.0.2' ],
20 silly audit   'data-view-byte-length': [ '1.0.2' ],
20 silly audit   'data-view-byte-offset': [ '1.0.1' ],
20 silly audit   'date-fns': [ '3.6.0' ],
20 silly audit   debug: [ '4.4.3', '3.2.7' ],
20 silly audit   'deep-is': [ '0.1.4' ],
20 silly audit   'define-data-property': [ '1.1.4' ],
20 silly audit   'define-properties': [ '1.2.1' ],
20 silly audit   'detect-gpu': [ '5.0.70' ],
20 silly audit   didyoumean: [ '1.2.2' ],
20 silly audit   'dir-glob': [ '3.0.1' ],
20 silly audit   dlv: [ '1.1.3' ],
20 silly audit   doctrine: [ '3.0.0', '2.1.0' ],
20 silly audit   draco3d: [ '1.5.7' ],
20 silly audit   'dunder-proto': [ '1.0.1' ],
20 silly audit   eastasianwidth: [ '0.2.0' ],
20 silly audit   'electron-to-chromium': [ '1.5.257' ],
20 silly audit   'emoji-regex': [ '9.2.2', '8.0.0' ],
20 silly audit   'es-abstract': [ '1.24.0' ],
20 silly audit   'es-define-property': [ '1.0.1' ],
20 silly audit   'es-errors': [ '1.3.0' ],
20 silly audit   'es-iterator-helpers': [ '1.2.1' ],
20 silly audit   'es-object-atoms': [ '1.1.1' ],
20 silly audit   'es-set-tostringtag': [ '2.1.0' ],
20 silly audit   'es-shim-unscopables': [ '1.1.0' ],
20 silly audit   'es-to-primitive': [ '1.3.0' ],
20 silly audit   escalade: [ '3.2.0' ],
20 silly audit   'escape-string-regexp': [ '4.0.0' ],
20 silly audit   eslint: [ '8.57.1' ],
20 silly audit   'eslint-config-next': [ '14.2.5' ],
20 silly audit   'eslint-import-resolver-node': [ '0.3.9' ],
20 silly audit   'eslint-import-resolver-typescript': [ '3.10.1' ],
20 silly audit   'eslint-module-utils': [ '2.12.1' ],
20 silly audit   'eslint-plugin-import': [ '2.32.0' ],
20 silly audit   semver: [ '6.3.1', '7.7.3' ],
20 silly audit   'eslint-plugin-jsx-a11y': [ '6.10.2' ],
20 silly audit   'eslint-plugin-react': [ '7.37.5' ],
20 silly audit   'eslint-plugin-react-hooks': [ '5.0.0-canary-7118f5dd7-20230705' ],
20 silly audit   resolve: [ '2.0.0-next.5', '1.22.11' ],
20 silly audit   'eslint-scope': [ '7.2.2' ],
20 silly audit   'eslint-visitor-keys': [ '3.4.3' ],
20 silly audit   espree: [ '9.6.1' ],
20 silly audit   esquery: [ '1.6.0' ],
20 silly audit   esrecurse: [ '4.3.0' ],
20 silly audit   estraverse: [ '5.3.0' ],
20 silly audit   esutils: [ '2.0.3' ],
20 silly audit   'fast-deep-equal': [ '3.1.3' ],
20 silly audit   'fast-glob': [ '3.3.3' ],
20 silly audit   'fast-json-stable-stringify': [ '2.1.0' ],
20 silly audit   'fast-levenshtein': [ '2.0.6' ],
20 silly audit   fastq: [ '1.19.1' ],
20 silly audit   fflate: [ '0.8.2', '0.6.10' ],
20 silly audit   'file-entry-cache': [ '6.0.1' ],
20 silly audit   'fill-range': [ '7.1.1' ],
20 silly audit   'find-up': [ '5.0.0' ],
20 silly audit   'flat-cache': [ '3.2.0' ],
20 silly audit   flatted: [ '3.3.3' ],
20 silly audit   'for-each': [ '0.3.5' ],
20 silly audit   'foreground-child': [ '3.3.1' ],
20 silly audit   'fraction.js': [ '5.3.4' ],
20 silly audit   'fs.realpath': [ '1.0.0' ],
20 silly audit   fsevents: [ '2.3.3' ],
20 silly audit   'function-bind': [ '1.1.2' ],
20 silly audit   'function.prototype.name': [ '1.1.8' ],
20 silly audit   'functions-have-names': [ '1.2.3' ],
20 silly audit   'generator-function': [ '2.0.1' ],
20 silly audit   'get-intrinsic': [ '1.3.0' ],
20 silly audit   'get-proto': [ '1.0.1' ],
20 silly audit   'get-symbol-description': [ '1.1.0' ],
20 silly audit   'get-tsconfig': [ '4.13.0' ],
20 silly audit   glob: [ '10.3.10', '7.2.3' ],
20 silly audit   globals: [ '13.24.0' ],
20 silly audit   globalthis: [ '1.0.4' ],
20 silly audit   globby: [ '11.1.0' ],
20 silly audit   'glsl-noise': [ '0.0.0' ],
20 silly audit   gopd: [ '1.2.0' ],
20 silly audit   'graceful-fs': [ '4.2.11' ],
20 silly audit   graphemer: [ '1.4.0' ],
20 silly audit   'has-bigints': [ '1.1.0' ],
20 silly audit   'has-flag': [ '4.0.0' ],
20 silly audit   'has-property-descriptors': [ '1.0.2' ],
20 silly audit   'has-proto': [ '1.2.0' ],
20 silly audit   'has-symbols': [ '1.1.0' ],
20 silly audit   'has-tostringtag': [ '1.0.2' ],
20 silly audit   hasown: [ '2.0.2' ],
20 silly audit   'hls.js': [ '1.6.15' ],
20 silly audit   ieee754: [ '1.2.1' ],
20 silly audit   ignore: [ '5.3.2' ],
20 silly audit   immediate: [ '3.0.6' ],
20 silly audit   'import-fresh': [ '3.3.1' ],
20 silly audit   imurmurhash: [ '0.1.4' ],
20 silly audit   inflight: [ '1.0.6' ],
20 silly audit   inherits: [ '2.0.4' ],
20 silly audit   'internal-slot': [ '1.1.0' ],
20 silly audit   'is-array-buffer': [ '3.0.5' ],
20 silly audit   'is-async-function': [ '2.1.1' ],
20 silly audit   'is-bigint': [ '1.1.0' ],
20 silly audit   'is-binary-path': [ '2.1.0' ],
20 silly audit   'is-boolean-object': [ '1.2.2' ],
20 silly audit   'is-bun-module': [ '2.0.0' ],
20 silly audit   'is-callable': [ '1.2.7' ],
20 silly audit   'is-core-module': [ '2.16.1' ],
20 silly audit   'is-data-view': [ '1.0.2' ],
20 silly audit   'is-date-object': [ '1.1.0' ],
20 silly audit   'is-extglob': [ '2.1.1' ],
20 silly audit   'is-finalizationregistry': [ '1.1.1' ],
20 silly audit   'is-fullwidth-code-point': [ '3.0.0' ],
20 silly audit   'is-generator-function': [ '1.1.2' ],
20 silly audit   'is-glob': [ '4.0.3' ],
20 silly audit   'is-map': [ '2.0.3' ],
20 silly audit   'is-negative-zero': [ '2.0.3' ],
20 silly audit   'is-number': [ '7.0.0' ],
20 silly audit   'is-number-object': [ '1.1.1' ],
20 silly audit   'is-path-inside': [ '3.0.3' ],
20 silly audit   'is-promise': [ '2.2.2' ],
20 silly audit   'is-regex': [ '1.2.1' ],
20 silly audit   'is-set': [ '2.0.3' ],
20 silly audit   'is-shared-array-buffer': [ '1.0.4' ],
20 silly audit   'is-string': [ '1.1.1' ],
20 silly audit   'is-symbol': [ '1.1.1' ],
20 silly audit   'is-typed-array': [ '1.1.15' ],
20 silly audit   'is-weakmap': [ '2.0.2' ],
20 silly audit   'is-weakref': [ '1.1.1' ],
20 silly audit   'is-weakset': [ '2.0.4' ],
20 silly audit   isarray: [ '2.0.5' ],
20 silly audit   isexe: [ '2.0.0' ],
20 silly audit   'iterator.prototype': [ '1.1.5' ],
20 silly audit   'its-fine': [ '1.2.5' ],
20 silly audit   jackspeak: [ '2.3.6' ],
20 silly audit   jiti: [ '1.21.7' ],
20 silly audit   'js-tokens': [ '4.0.0' ],
20 silly audit   'js-yaml': [ '4.1.1' ],
20 silly audit   'json-buffer': [ '3.0.1' ],
20 silly audit   'json-schema-traverse': [ '0.4.1' ],
20 silly audit   'json-stable-stringify-without-jsonify': [ '1.0.1' ],
20 silly audit   json5: [ '1.0.2' ],
20 silly audit   'jsx-ast-utils': [ '3.3.5' ],
20 silly audit   keyv: [ '4.5.4' ],
20 silly audit   'language-subtag-registry': [ '0.3.23' ],
20 silly audit   'language-tags': [ '1.0.9' ],
20 silly audit   leaflet: [ '1.9.4' ],
20 silly audit   'leaflet.heat': [ '0.2.0' ],
20 silly audit   levn: [ '0.4.1' ],
20 silly audit   lie: [ '3.3.0' ],
20 silly audit   lilconfig: [ '3.1.3' ],
20 silly audit   'lines-and-columns': [ '1.2.4' ],
20 silly audit   'locate-path': [ '6.0.0' ],
20 silly audit   'lodash.merge': [ '4.6.2' ],
20 silly audit   'loose-envify': [ '1.4.0' ],
20 silly audit   'lru-cache': [ '10.4.3' ],
20 silly audit   maath: [ '0.10.8' ],
20 silly audit   'math-intrinsics': [ '1.1.0' ],
20 silly audit   merge2: [ '1.4.1' ],
20 silly audit   meshline: [ '3.3.1' ],
20 silly audit   meshoptimizer: [ '0.22.0' ],
20 silly audit   micromatch: [ '4.0.8' ],
20 silly audit   minimist: [ '1.2.8' ],
20 silly audit   minipass: [ '7.1.2' ],
20 silly audit   ms: [ '2.1.3' ],
20 silly audit   mz: [ '2.7.0' ],
20 silly audit   nanoid: [ '3.3.11' ],
20 silly audit   'napi-postinstall': [ '0.3.4' ],
20 silly audit   'natural-compare': [ '1.4.0' ],
20 silly audit   next: [ '14.2.5' ],
20 silly audit   postcss: [ '8.4.31', '8.5.6' ],
20 silly audit   'node-releases': [ '2.0.27' ],
20 silly audit   'normalize-path': [ '3.0.0' ],
20 silly audit   'normalize-range': [ '0.1.2' ],
20 silly audit   'object-assign': [ '4.1.1' ],
20 silly audit   'object-hash': [ '3.0.0' ],
20 silly audit   'object-inspect': [ '1.13.4' ],
20 silly audit   'object-keys': [ '1.1.1' ],
20 silly audit   'object.assign': [ '4.1.7' ],
20 silly audit   'object.entries': [ '1.1.9' ],
20 silly audit   'object.fromentries': [ '2.0.8' ],
20 silly audit   'object.groupby': [ '1.0.3' ],
20 silly audit   'object.values': [ '1.2.1' ],
20 silly audit   once: [ '1.4.0' ],
20 silly audit   optionator: [ '0.9.4' ],
20 silly audit   'own-keys': [ '1.0.1' ],
20 silly audit   'p-limit': [ '3.1.0' ],
20 silly audit   'p-locate': [ '5.0.0' ],
20 silly audit   'parent-module': [ '1.0.1' ],
20 silly audit   'path-exists': [ '4.0.0' ],
20 silly audit   'path-is-absolute': [ '1.0.1' ],
20 silly audit   'path-key': [ '3.1.1' ],
20 silly audit   'path-parse': [ '1.0.7' ],
20 silly audit   'path-scurry': [ '1.11.1' ],
20 silly audit   'path-type': [ '4.0.0' ],
20 silly audit   picocolors: [ '1.1.1' ],
20 silly audit   picomatch: [ '2.3.1', '4.0.3' ],
20 silly audit   pify: [ '2.3.0' ],
20 silly audit   pirates: [ '4.0.7' ],
20 silly audit   'possible-typed-array-names': [ '1.1.0' ],
20 silly audit   'postcss-import': [ '15.1.0' ],
20 silly audit   'postcss-js': [ '4.1.0' ],
20 silly audit   'postcss-load-config': [ '6.0.1' ],
20 silly audit   'postcss-nested': [ '6.2.0' ],
20 silly audit   'postcss-selector-parser': [ '6.1.2' ],
20 silly audit   'postcss-value-parser': [ '4.2.0' ],
20 silly audit   potpack: [ '1.0.2' ],
20 silly audit   'prelude-ls': [ '1.2.1' ],
20 silly audit   'promise-worker-transferable': [ '1.0.4' ],
20 silly audit   'prop-types': [ '15.8.1' ],
20 silly audit   punycode: [ '2.3.1' ],
20 silly audit   'queue-microtask': [ '1.2.3' ],
20 silly audit   react: [ '18.3.1' ],
20 silly audit   'react-composer': [ '5.0.3' ],
20 silly audit   'react-dom': [ '18.3.1' ],
20 silly audit   scheduler: [ '0.23.2', '0.21.0' ],
20 silly audit   'react-is': [ '16.13.1' ],
20 silly audit   'react-leaflet': [ '4.2.1' ],
20 silly audit   'react-reconciler': [ '0.27.0' ],
20 silly audit   'react-use-measure': [ '2.1.7' ],
20 silly audit   'read-cache': [ '1.0.0' ],
20 silly audit   readdirp: [ '3.6.0' ],
20 silly audit   'reflect.getprototypeof': [ '1.0.10' ],
20 silly audit   'regexp.prototype.flags': [ '1.5.4' ],
20 silly audit   'require-from-string': [ '2.0.2' ],
20 silly audit   'resolve-from': [ '4.0.0' ],
20 silly audit   'resolve-pkg-maps': [ '1.0.0' ],
20 silly audit   reusify: [ '1.1.0' ],
20 silly audit   rimraf: [ '3.0.2' ],
20 silly audit   'run-parallel': [ '1.2.0' ],
20 silly audit   'safe-array-concat': [ '1.1.3' ],
20 silly audit   'safe-push-apply': [ '1.0.0' ],
20 silly audit   'safe-regex-test': [ '1.1.0' ],
20 silly audit   'set-function-length': [ '1.2.2' ],
20 silly audit   'set-function-name': [ '2.0.2' ],
20 silly audit   'set-proto': [ '1.0.0' ],
20 silly audit   'shebang-command': [ '2.0.0' ],
20 silly audit   'shebang-regex': [ '3.0.0' ],
20 silly audit   'side-channel': [ '1.1.0' ],
20 silly audit   'side-channel-list': [ '1.0.0' ],
20 silly audit   'side-channel-map': [ '1.0.1' ],
20 silly audit   'side-channel-weakmap': [ '1.0.2' ],
20 silly audit   'signal-exit': [ '4.1.0' ],
20 silly audit   slash: [ '3.0.0' ],
20 silly audit   'source-map-js': [ '1.2.1' ],
20 silly audit   'stable-hash': [ '0.0.5' ],
20 silly audit   'stats-gl': [ '2.4.2' ],
20 silly audit   three: [ '0.170.0', '0.162.0' ],
20 silly audit   'stats.js': [ '0.17.0' ],
20 silly audit   'stop-iteration-iterator': [ '1.1.0' ],
20 silly audit   streamsearch: [ '1.1.0' ],
20 silly audit   'string-width': [ '5.1.2', '4.2.3' ],
20 silly audit   'string.prototype.includes': [ '2.0.1' ],
20 silly audit   'string.prototype.matchall': [ '4.0.12' ],
20 silly audit   'string.prototype.repeat': [ '1.0.0' ],
20 silly audit   'string.prototype.trim': [ '1.2.10' ],
20 silly audit   'string.prototype.trimend': [ '1.0.9' ],
20 silly audit   'string.prototype.trimstart': [ '1.0.8' ],
20 silly audit   'strip-bom': [ '3.0.0' ],
20 silly audit   'strip-json-comments': [ '3.1.1' ],
20 silly audit   'styled-jsx': [ '5.1.1' ],
20 silly audit   sucrase: [ '3.35.1' ],
20 silly audit   'supports-color': [ '7.2.0' ],
20 silly audit   'supports-preserve-symlinks-flag': [ '1.0.0' ],
20 silly audit   'suspend-react': [ '0.1.3' ],
20 silly audit   tailwindcss: [ '3.4.18' ],
20 silly audit   'text-table': [ '0.2.0' ],
20 silly audit   thenify: [ '3.3.1' ],
20 silly audit   'thenify-all': [ '1.6.0' ],
20 silly audit   'three-mesh-bvh': [ '0.7.8' ],
20 silly audit   'three-stdlib': [ '2.36.1' ],
20 silly audit   tinyglobby: [ '0.2.15' ],
20 silly audit   fdir: [ '6.5.0' ],
20 silly audit   'to-regex-range': [ '5.0.1' ],
20 silly audit   'troika-three-text': [ '0.52.4' ],
20 silly audit   'troika-three-utils': [ '0.52.4' ],
20 silly audit   'troika-worker-utils': [ '0.52.0' ],
20 silly audit   'ts-api-utils': [ '1.4.3' ],
20 silly audit   'ts-interface-checker': [ '0.1.13' ],
20 silly audit   'tsconfig-paths': [ '3.15.0' ],
20 silly audit   tslib: [ '2.8.1' ],
20 silly audit   'tunnel-rat': [ '0.1.2' ],
20 silly audit   'type-check': [ '0.4.0' ],
20 silly audit   'type-fest': [ '0.20.2' ],
20 silly audit   'typed-array-buffer': [ '1.0.3' ],
20 silly audit   'typed-array-byte-length': [ '1.0.3' ],
20 silly audit   'typed-array-byte-offset': [ '1.0.4' ],
20 silly audit   'typed-array-length': [ '1.0.7' ],
20 silly audit   typescript: [ '5.9.3' ],
20 silly audit   'unbox-primitive': [ '1.1.0' ],
20 silly audit   'undici-types': [ '6.21.0' ],
20 silly audit   'unrs-resolver': [ '1.11.1' ],
20 silly audit   'update-browserslist-db': [ '1.1.4' ],
20 silly audit   'uri-js': [ '4.4.1' ],
20 silly audit   'use-sync-external-store': [ '1.6.0' ],
20 silly audit   'util-deprecate': [ '1.0.2' ],
20 silly audit   'utility-types': [ '3.11.0' ],
20 silly audit   'webgl-constants': [ '1.1.1' ],
20 silly audit   'webgl-sdf-generator': [ '1.1.1' ],
20 silly audit   which: [ '2.0.2' ],
20 silly audit   'which-boxed-primitive': [ '1.1.1' ],
20 silly audit   'which-builtin-type': [ '1.2.1' ],
20 silly audit   'which-collection': [ '1.0.2' ],
20 silly audit   'which-typed-array': [ '1.1.19' ],
20 silly audit   'word-wrap': [ '1.2.5' ],
20 silly audit   'wrap-ansi': [ '8.1.0', '7.0.0' ],
20 silly audit   wrappy: [ '1.0.2' ],
20 silly audit   ws: [ '8.18.3' ],
20 silly audit   'yocto-queue': [ '0.1.0' ],
20 silly audit   'world-countries': [ '4.1.1' ]
20 silly audit }
21 http cache world-countries@https://registry.npmjs.org/world-countries/-/world-countries-4.1.1.tgz 0ms (cache hit)
22 silly tarball no local data for world-countries@https://registry.npmjs.org/world-countries/-/world-countries-4.1.1.tgz. Extracting by manifest.
23 http fetch POST 200 https://registry.npmjs.org/-/npm/v1/security/advisories/bulk 216ms
24 silly audit report {
24 silly audit report   glob: [
24 silly audit report     {
24 silly audit report       id: 1109842,
24 silly audit report       url: 'https://github.com/advisories/GHSA-5j98-mcp5-4vw2',
24 silly audit report       title: 'glob CLI: Command injection via -c/--cmd executes matches with shell:true',
24 silly audit report       severity: 'high',
24 silly audit report       vulnerable_versions: '>=10.2.0 <10.5.0',
24 silly audit report       cwe: [Array],
24 silly audit report       cvss: [Object]
24 silly audit report     }
24 silly audit report   ],
24 silly audit report   next: [
24 silly audit report     {
24 silly audit report       id: 1099638,
24 silly audit report       url: 'https://github.com/advisories/GHSA-gp8f-8m3g-qvj9',
24 silly audit report       title: 'Next.js Cache Poisoning',
24 silly audit report       severity: 'high',
24 silly audit report       vulnerable_versions: '>=14.0.0 <14.2.10',
24 silly audit report       cwe: [Array],
24 silly audit report       cvss: [Object]
24 silly audit report     },
24 silly audit report     {
24 silly audit report       id: 1100421,
24 silly audit report       url: 'https://github.com/advisories/GHSA-g77x-44xx-532m',
24 silly audit report       title: 'Denial of Service condition in Next.js image optimization',
24 silly audit report       severity: 'moderate',
24 silly audit report       vulnerable_versions: '>=10.0.0 <14.2.7',
24 silly audit report       cwe: [Array],
24 silly audit report       cvss: [Object]
24 silly audit report     },
24 silly audit report     {
24 silly audit report       id: 1101438,
24 silly audit report       url: 'https://github.com/advisories/GHSA-7m27-7ghc-44w9',
24 silly audit report       title: 'Next.js Allows a Denial of Service (DoS) with Server Actions',
24 silly audit report       severity: 'moderate',
24 silly audit report       vulnerable_versions: '>=14.0.0 <14.2.21',
24 silly audit report       cwe: [Array],
24 silly audit report       cvss: [Object]
24 silly audit report     },
24 silly audit report     {
24 silly audit report       id: 1105461,
24 silly audit report       url: 'https://github.com/advisories/GHSA-3h52-269p-cp9r',
24 silly audit report       title: 'Information exposure in Next.js dev server due to lack of origin verification',
24 silly audit report       severity: 'low',
24 silly audit report       vulnerable_versions: '>=13.0 <14.2.30',
24 silly audit report       cwe: [Array],
24 silly audit report       cvss: [Object]
24 silly audit report     },
24 silly audit report     {
24 silly audit report       id: 1107226,
24 silly audit report       url: 'https://github.com/advisories/GHSA-g5qg-72qw-gw5v',
24 silly audit report       title: 'Next.js Affected by Cache Key Confusion for Image Optimization API Routes',
24 silly audit report       severity: 'moderate',
24 silly audit report       vulnerable_versions: '>=0.9.9 <14.2.31',
24 silly audit report       cwe: [Array],
24 silly audit report       cvss: [Object]
24 silly audit report     },
24 silly audit report     {
24 silly audit report       id: 1107420,
24 silly audit report       url: 'https://github.com/advisories/GHSA-7gfc-8cq8-jh5f',
24 silly audit report       title: 'Next.js authorization bypass vulnerability',
24 silly audit report       severity: 'high',
24 silly audit report       vulnerable_versions: '>=9.5.5 <14.2.15',
24 silly audit report       cwe: [Array],
24 silly audit report       cvss: [Object]
24 silly audit report     },
24 silly audit report     {
24 silly audit report       id: 1107512,
24 silly audit report       url: 'https://github.com/advisories/GHSA-4342-x723-ch2f',
24 silly audit report       title: 'Next.js Improper Middleware Redirect Handling Leads to SSRF',
24 silly audit report       severity: 'moderate',
24 silly audit report       vulnerable_versions: '>=0.9.9 <14.2.32',
24 silly audit report       cwe: [Array],
24 silly audit report       cvss: [Object]
24 silly audit report     },
24 silly audit report     {
24 silly audit report       id: 1107513,
24 silly audit report       url: 'https://github.com/advisories/GHSA-xv57-4mr9-wg8v',
24 silly audit report       title: 'Next.js Content Injection Vulnerability for Image Optimization',
24 silly audit report       severity: 'moderate',
24 silly audit report       vulnerable_versions: '>=0.9.9 <14.2.31',
24 silly audit report       cwe: [Array],
24 silly audit report       cvss: [Object]
24 silly audit report     },
24 silly audit report     {
24 silly audit report       id: 1108291,
24 silly audit report       url: 'https://github.com/advisories/GHSA-qpjv-v59x-3qc4',
24 silly audit report       title: 'Next.js Race Condition to Cache Poisoning',
24 silly audit report       severity: 'low',
24 silly audit report       vulnerable_versions: '>=0.9.9 <14.2.24',
24 silly audit report       cwe: [Array],
24 silly audit report       cvss: [Object]
24 silly audit report     },
24 silly audit report     {
24 silly audit report       id: 1108953,
24 silly audit report       url: 'https://github.com/advisories/GHSA-f82v-jwr5-mffw',
24 silly audit report       title: 'Authorization Bypass in Next.js Middleware',
24 silly audit report       severity: 'critical',
24 silly audit report       vulnerable_versions: '>=14.0.0 <14.2.25',
24 silly audit report       cwe: [Array],
24 silly audit report       cvss: [Object]
24 silly audit report     }
24 silly audit report   ]
24 silly audit report }
25 silly packumentCache corgi:https://registry.npmjs.org/glob cache-miss
26 silly packumentCache corgi:https://registry.npmjs.org/next cache-miss
27 http fetch GET 200 https://registry.npmjs.org/next 102ms (cache revalidated)
28 silly packumentCache corgi:https://registry.npmjs.org/next set size:22524662 disposed:false
29 http fetch GET 200 https://registry.npmjs.org/glob 1066ms (cache revalidated)
30 silly packumentCache corgi:https://registry.npmjs.org/glob set size:159554 disposed:false
31 silly packumentCache corgi:https://registry.npmjs.org/@next%2feslint-plugin-next cache-miss
32 http fetch GET 200 https://registry.npmjs.org/@next%2feslint-plugin-next 57ms (cache revalidated)
33 silly packumentCache corgi:https://registry.npmjs.org/@next%2feslint-plugin-next set size:2956026 disposed:false
34 silly packumentCache corgi:https://registry.npmjs.org/eslint-config-next cache-miss
35 http fetch GET 200 https://registry.npmjs.org/eslint-config-next 113ms (cache revalidated)
36 silly packumentCache corgi:https://registry.npmjs.org/eslint-config-next set size:3477299 disposed:false
37 http fetch GET 200 https://registry.npmjs.org/world-countries/-/world-countries-4.1.1.tgz 1942ms (cache miss)
38 silly ADD node_modules/world-countries
39 verbose cwd /Users/joyyang/Projects/socrates/mundito-nuestro
40 verbose os Darwin 23.6.0
41 verbose node v20.18.0
42 verbose npm  v11.5.1
43 verbose exit 0
44 info ok
